Base path: C:/Program Files/Unity5/Editor/Data
Pipe name: \\.\pipe\UnityShaderCompiler-64bit-1-5908
Cmd: getPlatforms
Cmd: preprocess
  insize=9628 outsize=2293 ok=1
Cmd: compileSnippet
  api=4 type=0 insize=6977 outsize=1006 kw= ok=1
Cmd: compileSnippet
  api=4 type=1 insize=6977 outsize=1899 kw= ok=1
Cmd: compileSnippet
  api=4 type=0 insize=6972 outsize=1006 kw= ok=1
Cmd: compileSnippet
  api=4 type=1 insize=6972 outsize=3565 kw= ok=1
Cmd: compileSnippet
  api=4 type=0 insize=6972 outsize=1006 kw= ok=1
Cmd: compileSnippet
  api=4 type=1 insize=6972 outsize=1485 kw= ok=1
Cmd: compileSnippet
  api=4 type=0 insize=6979 outsize=1006 kw= ok=1
Cmd: compileSnippet
  api=4 type=1 insize=6979 outsize=1461 kw= ok=1
Cmd: compileSnippet
  api=4 type=0 insize=6974 outsize=1006 kw= ok=1
Cmd: compileSnippet
  api=4 type=1 insize=6974 outsize=1810 kw= ok=1
Cmd: compileSnippet
  api=4 type=0 insize=6974 outsize=1006 kw= ok=1
Cmd: compileSnippet
  api=4 type=1 insize=6974 outsize=1485 kw= ok=1
Cmd: compileSnippet
  api=4 type=0 insize=6983 outsize=1006 kw= ok=1
Cmd: compileSnippet
  api=4 type=1 insize=6983 outsize=1444 kw= ok=1
Cmd: compileSnippet
  api=4 type=0 insize=6988 outsize=1006 kw= ok=1
Cmd: compileSnippet
  api=4 type=1 insize=6988 outsize=1363 kw= ok=1
Cmd: compileSnippet
  api=4 type=0 insize=6981 outsize=1006 kw= ok=1
Cmd: compileSnippet
  api=4 type=1 insize=6981 outsize=868 kw= ok=1
Cmd: compileSnippet
  api=4 type=0 insize=6979 outsize=1006 kw= ok=1
Cmd: compileSnippet
  api=4 type=1 insize=6979 outsize=1526 kw= ok=1
Cmd: compileSnippet
  api=4 type=0 insize=6986 outsize=1006 kw= ok=1
Cmd: compileSnippet
  api=4 type=1 insize=6986 outsize=1948 kw= ok=1
Cmd: preprocess
  insize=11084 outsize=718 ok=1
Cmd: compileSnippet
  api=4 type=0 insize=10527 outsize=1006 kw= ok=1
Cmd: compileSnippet
  api=4 type=1 insize=10527 outsize=1688 kw= ok=1
Cmd: compileSnippet
  api=4 type=0 insize=10549 outsize=1006 kw= ok=1
Cmd: compileSnippet
  api=4 type=1 insize=10549 outsize=9285 kw= ok=1
Cmd: compileSnippet
  api=4 type=0 insize=10548 outsize=1006 kw= ok=1
Cmd: compileSnippet
  api=4 type=1 insize=10548 outsize=9301 kw= ok=1
Cmd: preprocess
  insize=4203 outsize=523 ok=1
Cmd: compileSnippet
  api=4 type=0 insize=3977 outsize=1623 kw= ok=1
Cmd: compileSnippet
  api=4 type=1 insize=3977 outsize=3110 kw= ok=1
Cmd: compileSnippet
  api=4 type=0 insize=3981 outsize=1680 kw= ok=1
Cmd: compileSnippet
  api=4 type=1 insize=3981 outsize=3313 kw= ok=1
Cmd: preprocess
  insize=1685 outsize=352 ok=1
Cmd: compileSnippet
  api=4 type=0 insize=1635 outsize=1363 kw= ok=1
Cmd: compileSnippet
  api=4 type=1 insize=1635 outsize=1981 kw= ok=1
Cmd: preprocess
  insize=919 outsize=355 ok=1
Cmd: compileSnippet
  api=4 type=0 insize=869 outsize=1006 kw= ok=1
Cmd: compileSnippet
  api=4 type=1 insize=869 outsize=1241 kw= ok=1
Cmd: preprocess
  insize=219 outsize=219 ok=1
Cmd: preprocess
  insize=2317 outsize=849 ok=1
Cmd: compileSnippet
  api=4 type=0 insize=1770 outsize=1713 kw= ok=1
Cmd: compileSnippet
  api=4 type=1 insize=1770 outsize=1306 kw= ok=1
Cmd: preprocess
  insize=1571 outsize=492 ok=1
Cmd: compileSnippet
  api=4 type=0 insize=1381 outsize=1404 kw= ok=1
Cmd: compileSnippet
  api=4 type=1 insize=1381 outsize=1753 kw= ok=1
Cmd: preprocess
  insize=1006 outsize=316 ok=1
Cmd: compileSnippet
  api=4 type=0 insize=995 outsize=1006 kw= ok=1
Cmd: compileSnippet
  api=4 type=1 insize=995 outsize=973 kw= ok=1
Cmd: preprocess
  insize=2886 outsize=889 ok=1
Cmd: compileSnippet
  api=4 type=0 insize=2301 outsize=2281 kw= ok=1
Cmd: compileSnippet
  api=4 type=1 insize=2301 outsize=1908 kw= ok=1
Cmd: preprocess
  insize=1989 outsize=486 ok=1
Cmd: compileSnippet
  api=4 type=0 insize=1805 outsize=1006 kw= ok=1
Cmd: compileSnippet
  api=4 type=1 insize=1805 outsize=1704 kw= ok=1
Cmd: preprocess
  insize=2330 outsize=478 ok=1
Cmd: compileSnippet
  api=4 type=0 insize=2154 outsize=2094 kw= ok=1
Cmd: compileSnippet
  api=4 type=1 insize=2154 outsize=1648 kw= ok=1
Cmd: preprocess
  insize=1284 outsize=412 ok=1
Cmd: compileSnippet
  api=4 type=0 insize=1177 outsize=1119 kw= ok=1
Cmd: compileSnippet
  api=4 type=1 insize=1177 outsize=1542 kw= ok=1
Cmd: preprocess
  insize=1546 outsize=457 ok=1
Cmd: compileSnippet
  api=4 type=0 insize=1377 outsize=1241 kw= ok=1
Cmd: compileSnippet
  api=4 type=1 insize=1377 outsize=616 kw= ok=1
Cmd: compileSnippet
  api=4 type=0 insize=1367 outsize=1241 kw= ok=1
Cmd: compileSnippet
  api=4 type=1 insize=1367 outsize=1225 kw= ok=1
Cmd: preprocess
  insize=1986 outsize=887 ok=1
Cmd: compileSnippet
  api=4 type=0 insize=1401 outsize=1591 kw= ok=1
Cmd: compileSnippet
  api=4 type=1 insize=1401 outsize=1444 kw= ok=1
Cmd: preprocess
  insize=1964 outsize=478 ok=1
Cmd: compileSnippet
  api=4 type=0 insize=1788 outsize=1713 kw= ok=1
Cmd: compileSnippet
  api=4 type=1 insize=1788 outsize=1306 kw= ok=1
Cmd: preprocess
  insize=480 outsize=480 ok=1
Cmd: preprocess
  insize=1183 outsize=296 ok=1
Cmd: compileSnippet
  api=4 type=0 insize=1189 outsize=1396 kw= ok=1
Cmd: compileSnippet
  api=4 type=1 insize=1189 outsize=1388 kw= ok=1
Cmd: preprocess
  insize=1116 outsize=407 ok=1
Cmd: compileSnippet
  api=4 type=0 insize=1012 outsize=1006 kw= ok=1
Cmd: compileSnippet
  api=4 type=1 insize=1012 outsize=1371 kw= ok=1
Cmd: preprocess
  insize=6870 outsize=844 ok=1
Cmd: compileSnippet
  error: 1 plat 4 at (42): 'INPUT_SAMPLE_COUNT' : macro redefinition\nCompiling Vertex program
  error: 1 plat 4 at (45): 'INPUT_SAMPLE_COUNT' : macro redefinition\nCompiling Vertex program
  error: 1 plat 4 at (48): 'INPUT_SAMPLE_COUNT' : macro redefinition\nCompiling Vertex program
  api=4 type=0 insize=1903 outsize=1225 kw= ok=1
Cmd: compileSnippet
  error: 1 plat 4 at (42): 'INPUT_SAMPLE_COUNT' : macro redefinition\nCompiling Fragment program
  error: 1 plat 4 at (45): 'INPUT_SAMPLE_COUNT' : macro redefinition\nCompiling Fragment program
  error: 1 plat 4 at (48): 'INPUT_SAMPLE_COUNT' : macro redefinition\nCompiling Fragment program
  api=4 type=1 insize=1903 outsize=12251 kw= ok=1
Cmd: compileSnippet
  error: 1 plat 4 at (42): 'INPUT_SAMPLE_COUNT' : macro redefinition\nCompiling Vertex program
  error: 1 plat 4 at (45): 'INPUT_SAMPLE_COUNT' : macro redefinition\nCompiling Vertex program
  error: 1 plat 4 at (48): 'INPUT_SAMPLE_COUNT' : macro redefinition\nCompiling Vertex program
  api=4 type=0 insize=2173 outsize=1225 kw= ok=1
Cmd: compileSnippet
  error: 1 plat 4 at (42): 'INPUT_SAMPLE_COUNT' : macro redefinition\nCompiling Fragment program
  error: 1 plat 4 at (45): 'INPUT_SAMPLE_COUNT' : macro redefinition\nCompiling Fragment program
  error: 1 plat 4 at (48): 'INPUT_SAMPLE_COUNT' : macro redefinition\nCompiling Fragment program
  api=4 type=1 insize=2173 outsize=20148 kw= ok=1
Cmd: compileSnippet
  error: 1 plat 4 at (42): 'INPUT_SAMPLE_COUNT' : macro redefinition\nCompiling Vertex program
  error: 1 plat 4 at (45): 'INPUT_SAMPLE_COUNT' : macro redefinition\nCompiling Vertex program
  error: 1 plat 4 at (48): 'INPUT_SAMPLE_COUNT' : macro redefinition\nCompiling Vertex program
  api=4 type=0 insize=2691 outsize=1225 kw= ok=1
Cmd: compileSnippet
  error: 1 plat 4 at (42): 'INPUT_SAMPLE_COUNT' : macro redefinition\nCompiling Fragment program
  error: 1 plat 4 at (45): 'INPUT_SAMPLE_COUNT' : macro redefinition\nCompiling Fragment program
  error: 1 plat 4 at (48): 'INPUT_SAMPLE_COUNT' : macro redefinition\nCompiling Fragment program
  api=4 type=1 insize=2691 outsize=35943 kw= ok=1
Cmd: compileSnippet
  error: 1 plat 4 at (42): 'INPUT_SAMPLE_COUNT' : macro redefinition\nCompiling Vertex program
  error: 1 plat 4 at (45): 'INPUT_SAMPLE_COUNT' : macro redefinition\nCompiling Vertex program
  error: 1 plat 4 at (48): 'INPUT_SAMPLE_COUNT' : macro redefinition\nCompiling Vertex program
  error: 1 plat 4 at (230): 's': loop control variable conflicts with a previous declaration in the outer scope; most recent declaration will be used\nCompiling Vertex program
  api=4 type=0 insize=2992 outsize=1087 kw= ok=1
Cmd: compileSnippet
  error: 1 plat 4 at (42): 'INPUT_SAMPLE_COUNT' : macro redefinition\nCompiling Fragment program
  error: 1 plat 4 at (45): 'INPUT_SAMPLE_COUNT' : macro redefinition\nCompiling Fragment program
  error: 1 plat 4 at (48): 'INPUT_SAMPLE_COUNT' : macro redefinition\nCompiling Fragment program
  error: 1 plat 4 at (230): 's': loop control variable conflicts with a previous declaration in the outer scope; most recent declaration will be used\nCompiling Fragment program
  api=4 type=1 insize=2992 outsize=4028 kw= ok=1
Cmd: compileSnippet
  error: 1 plat 4 at (42): 'INPUT_SAMPLE_COUNT' : macro redefinition\nCompiling Vertex program
  error: 1 plat 4 at (45): 'INPUT_SAMPLE_COUNT' : macro redefinition\nCompiling Vertex program
  error: 1 plat 4 at (48): 'INPUT_SAMPLE_COUNT' : macro redefinition\nCompiling Vertex program
  api=4 type=0 insize=1895 outsize=1119 kw= ok=1
Cmd: compileSnippet
  error: 1 plat 4 at (42): 'INPUT_SAMPLE_COUNT' : macro redefinition\nCompiling Fragment program
  error: 1 plat 4 at (45): 'INPUT_SAMPLE_COUNT' : macro redefinition\nCompiling Fragment program
  error: 1 plat 4 at (48): 'INPUT_SAMPLE_COUNT' : macro redefinition\nCompiling Fragment program
  api=4 type=1 insize=1895 outsize=1111 kw= ok=1
Cmd: preprocess
  insize=1192 outsize=314 ok=1
Cmd: compileSnippet
  api=4 type=0 insize=1183 outsize=1753 kw= ok=1
Cmd: compileSnippet
  api=4 type=1 insize=1183 outsize=1412 kw= ok=1
Cmd: preprocess
  insize=2671 outsize=773 ok=1
Cmd: compileSnippet
  api=4 type=0 insize=2000 outsize=1355 kw= ok=1
Cmd: compileSnippet
  api=4 type=1 insize=2000 outsize=1217 kw= ok=1
Cmd: compileSnippet
  api=4 type=0 insize=1997 outsize=1355 kw= ok=1
Cmd: compileSnippet
  api=4 type=1 insize=1997 outsize=949 kw= ok=1
Cmd: compileSnippet
  api=4 type=0 insize=2010 outsize=1656 kw= ok=1
Cmd: compileSnippet
  api=4 type=1 insize=2010 outsize=1323 kw= ok=1
Cmd: compileSnippet
  api=4 type=0 insize=2009 outsize=1355 kw= ok=1
Cmd: compileSnippet
  api=4 type=1 insize=2009 outsize=868 kw= ok=1
Cmd: preprocess
  insize=968 outsize=305 ok=1
Cmd: compileSnippet
  api=4 type=0 insize=968 outsize=1006 kw= ok=1
Cmd: compileSnippet
  api=4 type=1 insize=968 outsize=1006 kw= ok=1
Cmd: preprocess
  insize=1377 outsize=384 ok=1
Cmd: compileSnippet
  api=4 type=0 insize=1295 outsize=1469 kw= ok=1
Cmd: compileSnippet
  api=4 type=1 insize=1295 outsize=1453 kw= ok=1
Cmd: preprocess
  insize=1437 outsize=347 ok=1
Cmd: compileSnippet
  api=4 type=0 insize=1396 outsize=1802 kw= ok=1
Cmd: compileSnippet
  api=4 type=1 insize=1396 outsize=1347 kw= ok=1
Cmd: preprocess
  insize=1709 outsize=728 ok=1
Cmd: compileSnippet
  api=4 type=0 insize=1287 outsize=1843 kw= ok=1
Cmd: compileSnippet
  api=4 type=1 insize=1287 outsize=1371 kw= ok=1
Cmd: preprocess
  insize=1403 outsize=346 ok=1
Cmd: compileSnippet
  api=4 type=0 insize=1359 outsize=1363 kw= ok=1
Cmd: compileSnippet
  api=4 type=1 insize=1359 outsize=1518 kw= ok=1
Cmd: preprocess
  insize=2450 outsize=535 ok=1
Cmd: compileSnippet
  api=4 type=0 insize=2219 outsize=2094 kw= ok=1
Cmd: compileSnippet
  api=4 type=1 insize=2219 outsize=1607 kw= ok=1
Cmd: preprocess
  insize=1116 outsize=325 ok=1
Cmd: compileSnippet
  api=4 type=0 insize=1096 outsize=1006 kw= ok=1
Cmd: compileSnippet
  api=4 type=1 insize=1096 outsize=1371 kw= ok=1
Cmd: preprocess
  insize=2165 outsize=644 ok=1
Cmd: compileSnippet
  api=4 type=0 insize=1827 outsize=1201 kw= ok=1
Cmd: compileSnippet
  api=4 type=1 insize=1827 outsize=2623 kw= ok=1
Cmd: preprocess
  insize=965 outsize=271 ok=1
Cmd: compileSnippet
  api=4 type=0 insize=994 outsize=1071 kw= ok=1
Cmd: compileSnippet
  api=4 type=1 insize=994 outsize=1233 kw= ok=1
Cmd: preprocess
  insize=2083 outsize=533 ok=1
Cmd: compileSnippet
  api=4 type=0 insize=1852 outsize=1713 kw= ok=1
Cmd: compileSnippet
  api=4 type=1 insize=1852 outsize=1266 kw= ok=1
Cmd: preprocess
  insize=2714 outsize=884 ok=1
Cmd: compileSnippet
  api=4 type=0 insize=2129 outsize=1152 kw= ok=1
Cmd: compileSnippet
  api=4 type=1 insize=2129 outsize=1664 kw= ok=1
Cmd: preprocess
  insize=790 outsize=320 ok=1
Cmd: compileSnippet
  api=4 type=0 insize=772 outsize=1006 kw= ok=1
Cmd: compileSnippet
  api=4 type=1 insize=772 outsize=1119 kw= ok=1
Cmd: preprocess
  insize=32615 outsize=273 ok=1
Cmd: compileSnippet
  api=4 type=0 insize=32644 outsize=1006 kw= ok=1
Cmd: compileSnippet
  api=4 type=1 insize=32644 outsize=10691 kw= ok=1
Cmd: preprocess
  insize=1216 outsize=260 ok=1
Cmd: compileSnippet
  api=4 type=0 insize=1258 outsize=1274 kw= ok=1
Cmd: compileSnippet
  api=4 type=1 insize=1258 outsize=1453 kw= ok=1
Cmd: preprocess
  insize=3375 outsize=706 ok=1
Cmd: compileSnippet
  api=4 type=0 insize=2803 outsize=1583 kw= ok=1
Cmd: compileSnippet
  api=4 type=1 insize=2803 outsize=2241 kw= ok=1
Cmd: compileSnippet
  api=4 type=0 insize=2794 outsize=1583 kw= ok=1
Cmd: compileSnippet
  api=4 type=1 insize=2794 outsize=1648 kw= ok=1
Cmd: compileSnippet
  api=4 type=0 insize=2793 outsize=1583 kw= ok=1
Cmd: compileSnippet
  api=4 type=1 insize=2793 outsize=1696 kw= ok=1
Cmd: compileSnippet
  api=4 type=0 insize=2805 outsize=1583 kw= ok=1
Cmd: compileSnippet
  api=4 type=1 insize=2805 outsize=2176 kw= ok=1
Cmd: preprocess
  insize=1404 outsize=609 ok=1
Cmd: compileSnippet
  api=4 type=0 insize=1097 outsize=1526 kw= ok=1
Cmd: compileSnippet
  api=4 type=1 insize=1097 outsize=1071 kw= ok=1
Cmd: preprocess
  insize=1452 outsize=830 ok=1
Cmd: compileSnippet
  api=4 type=0 insize=924 outsize=1209 kw= ok=1
Cmd: compileSnippet
  api=4 type=1 insize=924 outsize=811 kw= ok=1
Cmd: preprocess
  insize=1503 outsize=625 ok=1
Cmd: compileSnippet
  api=4 type=0 insize=1179 outsize=1526 kw= ok=1
Cmd: compileSnippet
  api=4 type=1 insize=1179 outsize=1030 kw= ok=1
Cmd: preprocess
  insize=2684 outsize=849 ok=1
Cmd: compileSnippet
  api=4 type=0 insize=2137 outsize=2094 kw= ok=1
Cmd: compileSnippet
  api=4 type=1 insize=2137 outsize=1648 kw= ok=1
Cmd: preprocess
  insize=1038 outsize=358 ok=1
Cmd: compileSnippet
  api=4 type=0 insize=985 outsize=1006 kw= ok=1
Cmd: compileSnippet
  api=4 type=1 insize=985 outsize=1054 kw= ok=1
Cmd: preprocess
  insize=2494 outsize=780 ok=1
Cmd: compileSnippet
  api=4 type=0 insize=1760 outsize=1355 kw= ok=1
Cmd: compileSnippet
  api=4 type=1 insize=1760 outsize=949 kw= ok=1
Cmd: compileSnippet
  api=4 type=0 insize=1760 outsize=1355 kw= ok=1
Cmd: compileSnippet
  api=4 type=1 insize=1760 outsize=1176 kw= ok=1
Cmd: compileSnippet
  api=4 type=0 insize=1762 outsize=1355 kw= ok=1
Cmd: compileSnippet
  api=4 type=1 insize=1762 outsize=989 kw= ok=1
Cmd: compileSnippet
  api=4 type=0 insize=1763 outsize=1355 kw= ok=1
Cmd: compileSnippet
  api=4 type=1 insize=1763 outsize=1461 kw= ok=1
Cmd: compileSnippet
  api=4 type=0 insize=1766 outsize=1355 kw= ok=1
Cmd: compileSnippet
  api=4 type=1 insize=1766 outsize=973 kw= ok=1
Cmd: preprocess
  insize=7424 outsize=1104 ok=1
Cmd: compileSnippet
  api=4 type=0 insize=6107 outsize=1006 kw= ok=1
Cmd: compileSnippet
  api=4 type=1 insize=6107 outsize=1599 kw= ok=1
Cmd: compileSnippet
  api=4 type=0 insize=6110 outsize=1006 kw= ok=1
Cmd: compileSnippet
  api=4 type=1 insize=6110 outsize=1111 kw= ok=1
Cmd: compileSnippet
  api=4 type=0 insize=6119 outsize=1574 kw= ok=1
Cmd: compileSnippet
  api=4 type=1 insize=6119 outsize=2582 kw= ok=1
Cmd: compileSnippet
  api=4 type=0 insize=6113 outsize=1574 kw= ok=1
Cmd: compileSnippet
  api=4 type=1 insize=6113 outsize=2143 kw= ok=1
Cmd: compileSnippet
  api=4 type=0 insize=6110 outsize=1006 kw= ok=1
Cmd: compileSnippet
  api=4 type=1 insize=6110 outsize=1233 kw= ok=1
Cmd: compileSnippet
  api=4 type=0 insize=6114 outsize=1006 kw= ok=1
Cmd: compileSnippet
  api=4 type=1 insize=6114 outsize=1769 kw= ok=1
Cmd: compileSnippet
  api=4 type=0 insize=6118 outsize=1574 kw= ok=1
Cmd: compileSnippet
  api=4 type=1 insize=6118 outsize=2533 kw= ok=1
Cmd: compileSnippet
  api=4 type=0 insize=6104 outsize=1006 kw= ok=1
Cmd: compileSnippet
  api=4 type=1 insize=6104 outsize=819 kw= ok=1
Cmd: preprocess
  insize=1636 outsize=878 ok=1
Cmd: compileSnippet
  api=4 type=0 insize=1060 outsize=1396 kw= ok=1
Cmd: compileSnippet
  api=4 type=1 insize=1060 outsize=1071 kw= ok=1
Cmd: preprocess
  insize=1560 outsize=533 ok=1
Cmd: compileSnippet
  api=4 type=0 insize=1329 outsize=1404 kw= ok=1
Cmd: compileSnippet
  api=4 type=1 insize=1329 outsize=1144 kw= ok=1
Cmd: preprocess
  insize=977 outsize=438 ok=1
Cmd: compileSnippet
  api=4 type=0 insize=841 outsize=1006 kw= ok=1
Cmd: compileSnippet
  api=4 type=1 insize=841 outsize=794 kw= ok=1
Cmd: preprocess
  insize=13919 outsize=2626 ok=1
Cmd: compileSnippet
  api=4 type=0 insize=10333 outsize=1006 kw= ok=1
Cmd: compileSnippet
  api=4 type=1 insize=10333 outsize=1193 kw= ok=1
Cmd: compileSnippet
  api=4 type=0 insize=10332 outsize=1006 kw= ok=1
Cmd: compileSnippet
  api=4 type=1 insize=10332 outsize=1631 kw= ok=1
Cmd: compileSnippet
  api=4 type=0 insize=10332 outsize=1006 kw= ok=1
Cmd: compileSnippet
  api=4 type=1 insize=10332 outsize=1704 kw= ok=1
Cmd: compileSnippet
  api=4 type=0 insize=10314 outsize=1006 kw= ok=1
Cmd: compileSnippet
  api=4 type=1 insize=10314 outsize=1225 kw= ok=1
Cmd: compileSnippet
  api=4 type=0 insize=10333 outsize=1006 kw= ok=1
Cmd: compileSnippet
  api=4 type=1 insize=10333 outsize=1355 kw= ok=1
Cmd: compileSnippet
  api=4 type=0 insize=10314 outsize=1006 kw= ok=1
Cmd: compileSnippet
  api=4 type=1 insize=10314 outsize=1623 kw= ok=1
Cmd: compileSnippet
  api=4 type=0 insize=10359 outsize=1363 kw= ok=1
Cmd: compileSnippet
  api=4 type=1 insize=10359 outsize=1867 kw= ok=1
Cmd: compileSnippet
  api=4 type=0 insize=10313 outsize=1006 kw= ok=1
Cmd: compileSnippet
  api=4 type=1 insize=10313 outsize=526 kw= ok=1
Cmd: compileSnippet
  api=4 type=0 insize=10317 outsize=1006 kw= ok=1
Cmd: compileSnippet
  api=4 type=1 insize=10317 outsize=616 kw= ok=1
Cmd: compileSnippet
  api=4 type=0 insize=10339 outsize=2176 kw= ok=1
Cmd: compileSnippet
  api=4 type=1 insize=10339 outsize=3281 kw= ok=1
Cmd: compileSnippet
  api=4 type=0 insize=10333 outsize=2176 kw= ok=1
Cmd: compileSnippet
  api=4 type=1 insize=10333 outsize=3443 kw= ok=1
Cmd: compileSnippet
  api=4 type=0 insize=10339 outsize=2176 kw= ok=1
Cmd: compileSnippet
  api=4 type=1 insize=10339 outsize=3281 kw= ok=1
Cmd: preprocess
  insize=1950 outsize=490 ok=1
Cmd: compileSnippet
  api=4 type=0 insize=1736 outsize=1006 kw= ok=1
Cmd: compileSnippet
  api=4 type=1 insize=1736 outsize=1615 kw= ok=1
Cmd: compileSnippet
  api=4 type=0 insize=1749 outsize=1006 kw= ok=1
Cmd: compileSnippet
  api=4 type=1 insize=1749 outsize=1916 kw= ok=1
Cmd: preprocess
  insize=1428 outsize=478 ok=1
Cmd: compileSnippet
  api=4 type=0 insize=1252 outsize=1404 kw= ok=1
Cmd: compileSnippet
  api=4 type=1 insize=1252 outsize=1184 kw= ok=1
Cmd: preprocess
  insize=3042 outsize=2110 ok=1
Cmd: compileSnippet
  api=4 type=0 insize=7955 outsize=4784 kw=DIRECTIONAL SHADOWS_OFF LIGHTMAP_OFF DIRLIGHTMAP_OFF DYNAMICLIGHTMAP_OFF ok=1
Cmd: compileSnippet
  api=4 type=1 insize=7955 outsize=3264 kw=DIRECTIONAL SHADOWS_OFF LIGHTMAP_OFF DIRLIGHTMAP_OFF DYNAMICLIGHTMAP_OFF ok=1
Cmd: compileSnippet
  api=4 type=0 insize=5258 outsize=3866 kw=POINT ok=1
Cmd: compileSnippet
  api=4 type=1 insize=5258 outsize=3817 kw=POINT ok=1
Cmd: compileSnippet
  api=4 type=0 insize=4559 outsize=4166 kw= ok=1
Cmd: compileSnippet
  api=4 type=1 insize=4559 outsize=1412 kw= ok=1
Cmd: compileSnippet
  api=4 type=0 insize=7522 outsize=3663 kw=DIRECTIONAL SHADOWS_OFF LIGHTMAP_OFF DIRLIGHTMAP_OFF DYNAMICLIGHTMAP_OFF ok=1
Cmd: compileSnippet
  api=4 type=1 insize=7522 outsize=2403 kw=DIRECTIONAL SHADOWS_OFF LIGHTMAP_OFF DIRLIGHTMAP_OFF DYNAMICLIGHTMAP_OFF ok=1
Cmd: compileSnippet
  api=4 type=0 insize=4363 outsize=2753 kw=POINT ok=1
Cmd: compileSnippet
  api=4 type=1 insize=4363 outsize=3004 kw=POINT ok=1
Cmd: compileSnippet
  api=4 type=0 insize=3703 outsize=2103 kw= ok=1
Cmd: compileSnippet
  api=4 type=1 insize=3703 outsize=1266 kw= ok=1
Cmd: preprocess
  insize=1604 outsize=301 ok=1
Cmd: compileSnippet
  api=4 type=0 insize=1607 outsize=1753 kw= ok=1
Cmd: compileSnippet
  api=4 type=1 insize=1607 outsize=2371 kw= ok=1
Cmd: preprocess
  insize=24592 outsize=3218 ok=1
Cmd: compileSnippet
  api=4 type=0 insize=20011 outsize=1314 kw= ok=1
Cmd: compileSnippet
  api=4 type=1 insize=20011 outsize=1314 kw= ok=1
Cmd: compileSnippet
  api=4 type=0 insize=20005 outsize=1314 kw= ok=1
Cmd: compileSnippet
  api=4 type=1 insize=20005 outsize=843 kw= ok=1
Cmd: compileSnippet
  api=4 type=0 insize=20020 outsize=2257 kw= ok=1
Cmd: compileSnippet
  api=4 type=1 insize=20020 outsize=2566 kw= ok=1
Cmd: compileSnippet
  api=4 type=0 insize=20005 outsize=1314 kw= ok=1
Cmd: compileSnippet
  api=4 type=1 insize=20005 outsize=1314 kw= ok=1
Cmd: compileSnippet
  api=4 type=0 insize=20015 outsize=1314 kw= ok=1
Cmd: compileSnippet
  api=4 type=1 insize=20015 outsize=1306 kw= ok=1
Cmd: compileSnippet
  api=4 type=0 insize=20014 outsize=1314 kw= ok=1
Cmd: compileSnippet
  api=4 type=1 insize=20014 outsize=3354 kw= ok=1
Cmd: compileSnippet
  api=4 type=0 insize=19970 outsize=1314 kw= ok=1
Cmd: compileSnippet
  api=4 type=1 insize=19970 outsize=1778 kw= ok=1
Cmd: compileSnippet
  api=4 type=0 insize=20008 outsize=1314 kw= ok=1
Cmd: compileSnippet
  api=4 type=1 insize=20008 outsize=1404 kw= ok=1
Cmd: compileSnippet
  api=4 type=0 insize=19976 outsize=1314 kw= ok=1
Cmd: compileSnippet
  api=4 type=1 insize=19976 outsize=949 kw= ok=1
Cmd: compileSnippet
  api=4 type=0 insize=20013 outsize=1314 kw= ok=1
Cmd: compileSnippet
  api=4 type=1 insize=20013 outsize=3159 kw= ok=1
Cmd: compileSnippet
  api=4 type=0 insize=20006 outsize=1314 kw= ok=1
Cmd: compileSnippet
  api=4 type=1 insize=20006 outsize=2631 kw= ok=1
Cmd: compileSnippet
  api=4 type=0 insize=20009 outsize=1314 kw= ok=1
Cmd: compileSnippet
  api=4 type=1 insize=20009 outsize=3443 kw= ok=1
Cmd: compileSnippet
  api=4 type=0 insize=20015 outsize=1314 kw= ok=1
Cmd: compileSnippet
  api=4 type=1 insize=20015 outsize=4012 kw= ok=1
Cmd: compileSnippet
  api=4 type=0 insize=20012 outsize=1314 kw= ok=1
Cmd: compileSnippet
  api=4 type=1 insize=20012 outsize=3159 kw= ok=1
Cmd: compileSnippet
  api=4 type=0 insize=20005 outsize=1314 kw= ok=1
Cmd: compileSnippet
  api=4 type=1 insize=20005 outsize=4264 kw= ok=1
Cmd: compileSnippet
  api=4 type=0 insize=20010 outsize=1314 kw= ok=1
Cmd: compileSnippet
  api=4 type=1 insize=20010 outsize=4759 kw= ok=1
Cmd: preprocess
  insize=2633 outsize=351 ok=1
Cmd: compileSnippet
  api=4 type=0 insize=2586 outsize=1542 kw= ok=1
Cmd: compileSnippet
  api=4 type=1 insize=2586 outsize=3175 kw= ok=1
Cmd: preprocess
  error: 1 plat 16 at (84): Both vertex and fragment programs must be present in a CGPROGRAM. Excluding it from compilation.
  insize=2292 outsize=1220 ok=1
Cmd: compileSnippet
  api=4 type=0 insize=1310 outsize=1924 kw= ok=1
Cmd: compileSnippet
  api=4 type=1 insize=1310 outsize=1599 kw= ok=1
Cmd: preprocess
  insize=1737 outsize=297 ok=1
Cmd: compileSnippet
  api=4 type=0 insize=1742 outsize=1729 kw= ok=1
Cmd: compileSnippet
  api=4 type=1 insize=1742 outsize=4629 kw= ok=1
Cmd: preprocess
  insize=1026 outsize=351 ok=1
Cmd: compileSnippet
  api=4 type=0 insize=977 outsize=1006 kw= ok=1
Cmd: compileSnippet
  api=4 type=1 insize=977 outsize=1298 kw= ok=1
Cmd: preprocess
  insize=738 outsize=267 ok=1
Cmd: compileSnippet
  api=4 type=0 insize=771 outsize=1006 kw= ok=1
Cmd: compileSnippet
  api=4 type=1 insize=771 outsize=835 kw= ok=1
Cmd: preprocess
  insize=5809 outsize=873 ok=1
Cmd: compileSnippet
  api=4 type=0 insize=4899 outsize=1574 kw= ok=1
Cmd: compileSnippet
  api=4 type=1 insize=4899 outsize=2151 kw= ok=1
Cmd: compileSnippet
  api=4 type=0 insize=4901 outsize=1574 kw= ok=1
Cmd: compileSnippet
  api=4 type=1 insize=4901 outsize=1656 kw= ok=1
Cmd: compileSnippet
  api=4 type=0 insize=4905 outsize=1574 kw= ok=1
Cmd: compileSnippet
  api=4 type=1 insize=4905 outsize=1818 kw= ok=1
Cmd: compileSnippet
  api=4 type=0 insize=4914 outsize=1006 kw= ok=1
Cmd: compileSnippet
  api=4 type=1 insize=4914 outsize=1054 kw= ok=1
Cmd: compileSnippet
  api=4 type=0 insize=4895 outsize=1574 kw= ok=1
Cmd: compileSnippet
  api=4 type=1 insize=4895 outsize=2151 kw= ok=1
Cmd: preprocess
  insize=948 outsize=945 ok=1
Cmd: preprocess
  insize=772 outsize=769 ok=1
Cmd: preprocess
  insize=586 outsize=360 ok=1
Cmd: compileSnippet
  api=4 type=0 insize=528 outsize=1006 kw= ok=1
Cmd: compileSnippet
  api=4 type=1 insize=528 outsize=1274 kw= ok=1
Cmd: preprocess
  insize=32625 outsize=273 ok=1
Cmd: compileSnippet
  api=4 type=0 insize=32654 outsize=1006 kw= ok=1
Cmd: compileSnippet
  api=4 type=1 insize=32654 outsize=10626 kw= ok=1
Cmd: preprocess
  insize=1334 outsize=1331 ok=1
Cmd: preprocess
  insize=5109 outsize=1741 ok=1
Cmd: compileSnippet
  api=4 type=0 insize=3672 outsize=1769 kw= ok=1
Cmd: compileSnippet
  api=4 type=1 insize=3672 outsize=6961 kw= ok=1
Cmd: preprocess
  insize=2519 outsize=887 ok=1
Cmd: compileSnippet
  api=4 type=0 insize=1934 outsize=1899 kw= ok=1
Cmd: compileSnippet
  api=4 type=1 insize=1934 outsize=1566 kw= ok=1
Cmd: preprocess
  insize=6780 outsize=255 ok=1
Cmd: compileSnippet
  api=4 type=0 insize=6827 outsize=1396 kw= ok=1
Cmd: compileSnippet
  api=4 type=1 insize=6827 outsize=4361 kw= ok=1
Cmd: preprocess
  insize=4425 outsize=555 ok=1
Cmd: compileSnippet
  api=4 type=0 insize=4130 outsize=2216 kw= ok=1
Cmd: compileSnippet
  api=4 type=1 insize=4130 outsize=7043 kw= ok=1
Cmd: compileSnippet
  api=4 type=0 insize=4135 outsize=2216 kw= ok=1
Cmd: compileSnippet
  api=4 type=1 insize=4135 outsize=6108 kw= ok=1
Cmd: preprocess
  insize=1784 outsize=847 ok=1
Cmd: compileSnippet
  api=4 type=0 insize=1237 outsize=1404 kw= ok=1
Cmd: compileSnippet
  api=4 type=1 insize=1237 outsize=1184 kw= ok=1
Cmd: preprocess
  insize=2474 outsize=494 ok=1
Cmd: compileSnippet
  api=4 type=0 insize=2284 outsize=2094 kw= ok=1
Cmd: compileSnippet
  api=4 type=1 insize=2284 outsize=2273 kw= ok=1
Cmd: preprocess
  insize=435 outsize=435 ok=1
Cmd: preprocess
  insize=4869 outsize=1093 ok=1
Cmd: compileSnippet
  api=4 type=0 insize=3761 outsize=1006 kw= ok=1
Cmd: compileSnippet
  api=4 type=1 insize=3761 outsize=1144 kw= ok=1
Cmd: compileSnippet
  api=4 type=0 insize=3768 outsize=1249 kw= ok=1
Cmd: compileSnippet
  api=4 type=1 insize=3768 outsize=1201 kw= ok=1
Cmd: compileSnippet
  api=4 type=0 insize=3766 outsize=1006 kw= ok=1
Cmd: compileSnippet
  api=4 type=1 insize=3766 outsize=1615 kw= ok=1
Cmd: compileSnippet
  api=4 type=0 insize=3768 outsize=1006 kw= ok=1
Cmd: compileSnippet
  api=4 type=1 insize=3768 outsize=1916 kw= ok=1
Cmd: compileSnippet
  api=4 type=0 insize=3758 outsize=1006 kw= ok=1
Cmd: compileSnippet
  api=4 type=1 insize=3758 outsize=916 kw= ok=1
Cmd: preprocess
  insize=778 outsize=304 ok=1
Cmd: compileSnippet
  api=4 type=0 insize=776 outsize=1006 kw= ok=1
Cmd: compileSnippet
  api=4 type=1 insize=776 outsize=673 kw= ok=1
Cmd: preprocess
  insize=721 outsize=317 ok=1
Cmd: compileSnippet
  api=4 type=0 insize=706 outsize=1006 kw= ok=1
Cmd: compileSnippet
  api=4 type=1 insize=706 outsize=1404 kw= ok=1
Cmd: preprocess
  insize=4076 outsize=684 ok=1
Cmd: compileSnippet
  api=4 type=0 insize=3418 outsize=1006 kw= ok=1
Cmd: compileSnippet
  api=4 type=1 insize=3418 outsize=1274 kw= ok=1
Cmd: compileSnippet
  api=4 type=0 insize=3425 outsize=2151 kw= ok=1
Cmd: compileSnippet
  api=4 type=1 insize=3425 outsize=1851 kw= ok=1
Cmd: compileSnippet
  api=4 type=0 insize=3434 outsize=2135 kw= ok=1
Cmd: compileSnippet
  api=4 type=1 insize=3434 outsize=2208 kw= ok=1
Cmd: compileSnippet
  api=4 type=0 insize=3429 outsize=2135 kw= ok=1
Cmd: compileSnippet
  api=4 type=1 insize=3429 outsize=2419 kw= ok=1
Cmd: preprocess
  insize=1465 outsize=506 ok=1
Cmd: compileSnippet
  api=4 type=0 insize=1260 outsize=1404 kw= ok=1
Cmd: compileSnippet
  api=4 type=1 insize=1260 outsize=1761 kw= ok=1
Cmd: preprocess
  insize=883 outsize=301 ok=1
Cmd: compileSnippet
  api=4 type=0 insize=887 outsize=1006 kw= ok=1
Cmd: compileSnippet
  api=4 type=1 insize=887 outsize=1103 kw= ok=1
Cmd: preprocess
  insize=3600 outsize=559 ok=1
Cmd: compileSnippet
  api=4 type=0 insize=3242 outsize=1006 kw= ok=1
Cmd: compileSnippet
  api=4 type=1 insize=3242 outsize=819 kw= ok=1
Cmd: compileSnippet
  api=4 type=0 insize=3241 outsize=1591 kw= ok=1
Cmd: compileSnippet
  api=4 type=1 insize=3241 outsize=1615 kw= ok=1
Cmd: compileSnippet
  api=4 type=0 insize=3243 outsize=1347 kw= ok=1
Cmd: compileSnippet
  api=4 type=1 insize=3243 outsize=1323 kw= ok=1
Cmd: preprocess
  insize=1414 outsize=840 ok=1
Cmd: compileSnippet
  api=4 type=0 insize=876 outsize=1209 kw= ok=1
Cmd: compileSnippet
  api=4 type=1 insize=876 outsize=770 kw= ok=1
Cmd: preprocess
  insize=1339 outsize=296 ok=1
Cmd: compileSnippet
  api=4 type=0 insize=1347 outsize=1574 kw= ok=1
Cmd: compileSnippet
  api=4 type=1 insize=1347 outsize=1956 kw= ok=1
Cmd: preprocess
  insize=2143 outsize=982 ok=1
Cmd: compileSnippet
  api=4 type=0 insize=905 outsize=1087 kw= ok=1
Cmd: compileSnippet
  api=4 type=1 insize=905 outsize=754 kw= ok=1
Cmd: compileSnippet
  api=4 type=0 insize=860 outsize=1087 kw= ok=1
Cmd: compileSnippet
  api=4 type=1 insize=860 outsize=616 kw= ok=1
Cmd: preprocess
  insize=5950 outsize=3819 ok=1
Cmd: compileSnippet
  api=4 type=0 insize=9453 outsize=5377 kw=DIRECTIONAL LIGHTMAP_OFF DIRLIGHTMAP_OFF DYNAMICLIGHTMAP_OFF ok=1
Cmd: compileSnippet
  api=4 type=1 insize=9453 outsize=4337 kw=DIRECTIONAL LIGHTMAP_OFF DIRLIGHTMAP_OFF DYNAMICLIGHTMAP_OFF ok=1
Cmd: compileSnippet
  api=4 type=0 insize=6644 outsize=4459 kw=POINT ok=1
Cmd: compileSnippet
  api=4 type=1 insize=6644 outsize=4841 kw=POINT ok=1
Cmd: compileSnippet
  api=4 type=0 insize=6060 outsize=5028 kw= ok=1
Cmd: compileSnippet
  api=4 type=1 insize=6060 outsize=2541 kw= ok=1
Cmd: compileSnippet
  api=4 type=0 insize=8291 outsize=4930 kw=DIRECTIONAL LIGHTMAP_OFF DIRLIGHTMAP_OFF DYNAMICLIGHTMAP_OFF ok=1
Cmd: compileSnippet
  api=4 type=1 insize=8291 outsize=3882 kw=DIRECTIONAL LIGHTMAP_OFF DIRLIGHTMAP_OFF DYNAMICLIGHTMAP_OFF ok=1
Cmd: compileSnippet
  api=4 type=0 insize=5569 outsize=4012 kw=POINT ok=1
Cmd: compileSnippet
  api=4 type=1 insize=5569 outsize=4353 kw=POINT ok=1
Cmd: compileSnippet
  api=4 type=0 insize=4985 outsize=4313 kw= ok=1
Cmd: compileSnippet
  api=4 type=1 insize=4985 outsize=1834 kw= ok=1
Cmd: compileSnippet
  api=4 type=0 insize=7340 outsize=3809 kw=DIRECTIONAL LIGHTMAP_OFF DIRLIGHTMAP_OFF DYNAMICLIGHTMAP_OFF ok=1
Cmd: compileSnippet
  api=4 type=1 insize=7340 outsize=1818 kw=DIRECTIONAL LIGHTMAP_OFF DIRLIGHTMAP_OFF DYNAMICLIGHTMAP_OFF ok=1
Cmd: compileSnippet
  api=4 type=0 insize=4110 outsize=2899 kw=POINT ok=1
Cmd: compileSnippet
  api=4 type=1 insize=4110 outsize=2452 kw=POINT ok=1
Cmd: compileSnippet
  api=4 type=0 insize=3457 outsize=2631 kw= ok=1
Cmd: compileSnippet
  api=4 type=1 insize=3457 outsize=1737 kw= ok=1
Cmd: preprocess
  insize=1464 outsize=884 ok=1
Cmd: compileSnippet
  api=4 type=0 insize=882 outsize=1209 kw= ok=1
Cmd: compileSnippet
  api=4 type=1 insize=882 outsize=770 kw= ok=1
Cmd: preprocess
  insize=2361 outsize=2710 ok=1
Cmd: compileSnippet
  api=4 type=0 insize=8060 outsize=4784 kw=DIRECTIONAL SHADOWS_OFF LIGHTMAP_OFF DIRLIGHTMAP_OFF DYNAMICLIGHTMAP_OFF ok=1
Cmd: compileSnippet
  api=4 type=1 insize=8060 outsize=3492 kw=DIRECTIONAL SHADOWS_OFF LIGHTMAP_OFF DIRLIGHTMAP_OFF DYNAMICLIGHTMAP_OFF ok=1
Cmd: compileSnippet
  api=4 type=0 insize=5363 outsize=3866 kw=POINT ok=1
Cmd: compileSnippet
  api=4 type=1 insize=5363 outsize=4044 kw=POINT ok=1
Cmd: compileSnippet
  api=4 type=0 insize=4664 outsize=4166 kw= ok=1
Cmd: compileSnippet
  api=4 type=1 insize=4664 outsize=1509 kw= ok=1
Cmd: compileSnippet
  api=4 type=0 insize=6915 outsize=3663 kw=DIRECTIONAL SHADOWS_OFF LIGHTMAP_OFF DIRLIGHTMAP_OFF DYNAMICLIGHTMAP_OFF ok=1
Cmd: compileSnippet
  api=4 type=1 insize=6915 outsize=1412 kw=DIRECTIONAL SHADOWS_OFF LIGHTMAP_OFF DIRLIGHTMAP_OFF DYNAMICLIGHTMAP_OFF ok=1
Cmd: compileSnippet
  api=4 type=0 insize=3752 outsize=2753 kw=POINT ok=1
Cmd: compileSnippet
  api=4 type=1 insize=3752 outsize=2046 kw=POINT ok=1
Cmd: compileSnippet
  api=4 type=0 insize=2910 outsize=2533 kw= ok=1
Cmd: compileSnippet
  api=4 type=1 insize=2910 outsize=697 kw= ok=1
Cmd: compileSnippet
  api=4 type=0 insize=5954 outsize=4077 kw=LIGHTMAP_OFF DIRLIGHTMAP_OFF DYNAMICLIGHTMAP_OFF HDR_LIGHT_PREPASS_OFF ok=1
Cmd: compileSnippet
  api=4 type=1 insize=5954 outsize=1461 kw=LIGHTMAP_OFF DIRLIGHTMAP_OFF DYNAMICLIGHTMAP_OFF HDR_LIGHT_PREPASS_OFF ok=1
Cmd: compileSnippet
  api=4 type=0 insize=6033 outsize=3801 kw=LIGHTMAP_OFF DIRLIGHTMAP_OFF DYNAMICLIGHTMAP_OFF HDR_LIGHT_PREPASS_OFF ok=1
Cmd: compileSnippet
  api=4 type=1 insize=6033 outsize=1745 kw=LIGHTMAP_OFF DIRLIGHTMAP_OFF DYNAMICLIGHTMAP_OFF HDR_LIGHT_PREPASS_OFF ok=1
Cmd: compileSnippet
  api=4 type=0 insize=3101 outsize=2484 kw= ok=1
Cmd: compileSnippet
  api=4 type=1 insize=3101 outsize=1412 kw= ok=1
Cmd: preprocess
  insize=1287 outsize=490 ok=1
Cmd: compileSnippet
  api=4 type=0 insize=1099 outsize=1526 kw= ok=1
Cmd: compileSnippet
  api=4 type=1 insize=1099 outsize=1071 kw= ok=1
Cmd: preprocess
  insize=1232 outsize=482 ok=1
Cmd: compileSnippet
  api=4 type=0 insize=1051 outsize=1209 kw= ok=1
Cmd: compileSnippet
  api=4 type=1 insize=1051 outsize=1379 kw= ok=1
Cmd: preprocess
  insize=1080 outsize=489 ok=1
Cmd: compileSnippet
  api=4 type=0 insize=893 outsize=1144 kw= ok=1
Cmd: compileSnippet
  api=4 type=1 insize=893 outsize=1038 kw= ok=1
Cmd: preprocess
  insize=2107 outsize=491 ok=1
Cmd: compileSnippet
  api=4 type=0 insize=1917 outsize=1713 kw= ok=1
Cmd: compileSnippet
  api=4 type=1 insize=1917 outsize=1932 kw= ok=1
Cmd: preprocess
  insize=1213 outsize=389 ok=1
Cmd: compileSnippet
  api=4 type=0 insize=1129 outsize=1249 kw= ok=1
Cmd: compileSnippet
  api=4 type=1 insize=1129 outsize=1201 kw= ok=1
Cmd: preprocess
  insize=574 outsize=259 ok=1
Cmd: compileSnippet
  api=4 type=0 insize=617 outsize=843 kw= ok=1
Cmd: compileSnippet
  api=4 type=1 insize=617 outsize=453 kw= ok=1
Cmd: preprocess
  insize=724 outsize=315 ok=1
Cmd: compileSnippet
  api=4 type=0 insize=714 outsize=1006 kw= ok=1
Cmd: compileSnippet
  api=4 type=1 insize=714 outsize=729 kw= ok=1
Cmd: preprocess
  insize=1668 outsize=929 ok=1
Cmd: compileSnippet
  api=4 type=0 insize=1041 outsize=1290 kw= ok=1
Cmd: compileSnippet
  api=4 type=1 insize=1041 outsize=1006 kw= ok=1
Cmd: preprocess
  insize=1727 outsize=682 ok=1
Cmd: compileSnippet
  api=4 type=0 insize=1346 outsize=1542 kw= ok=1
Cmd: compileSnippet
  api=4 type=1 insize=1346 outsize=1258 kw= ok=1
Cmd: compileSnippet
  api=4 type=0 insize=541 outsize=3533 kw=SHADOWS_DEPTH ok=1
Cmd: compileSnippet
  api=4 type=1 insize=541 outsize=453 kw=SHADOWS_DEPTH ok=1
Cmd: compileSnippet
  api=4 type=0 insize=7257 outsize=4873 kw=DIRECTIONAL SHADOWS_OFF LIGHTMAP_OFF DIRLIGHTMAP_OFF DYNAMICLIGHTMAP_OFF ok=1
Cmd: compileSnippet
  api=4 type=1 insize=7257 outsize=2054 kw=DIRECTIONAL SHADOWS_OFF LIGHTMAP_OFF DIRLIGHTMAP_OFF DYNAMICLIGHTMAP_OFF ok=1
Cmd: compileSnippet
  api=4 type=0 insize=4694 outsize=3955 kw=DIRECTIONAL ok=1
Cmd: compileSnippet
  api=4 type=1 insize=4694 outsize=1956 kw=DIRECTIONAL ok=1
Cmd: compileSnippet
  api=4 type=0 insize=1705 outsize=1290 kw=SOFTPARTICLES_OFF ok=1
Cmd: compileSnippet
  api=4 type=1 insize=1705 outsize=924 kw=SOFTPARTICLES_OFF ok=1
Cmd: compileSnippet
  api=4 type=0 insize=6731 outsize=3663 kw=DIRECTIONAL LIGHTMAP_OFF DIRLIGHTMAP_OFF DYNAMICLIGHTMAP_OFF ok=1
Cmd: compileSnippet
  api=4 type=1 insize=6731 outsize=1314 kw=DIRECTIONAL LIGHTMAP_OFF DIRLIGHTMAP_OFF DYNAMICLIGHTMAP_OFF ok=1
Cmd: compileSnippet
  api=4 type=0 insize=3569 outsize=2753 kw=DIRECTIONAL ok=1
Cmd: compileSnippet
  api=4 type=1 insize=3569 outsize=1168 kw=DIRECTIONAL ok=1
Cmd: compileSnippet
  api=4 type=0 insize=6810 outsize=3663 kw=DIRECTIONAL SHADOWS_OFF LIGHTMAP_OFF DIRLIGHTMAP_OFF DYNAMICLIGHTMAP_OFF ok=1
Cmd: compileSnippet
  api=4 type=1 insize=6810 outsize=1314 kw=DIRECTIONAL SHADOWS_OFF LIGHTMAP_OFF DIRLIGHTMAP_OFF DYNAMICLIGHTMAP_OFF ok=1
Cmd: compileSnippet
  api=4 type=0 insize=3647 outsize=2753 kw=DIRECTIONAL ok=1
Cmd: compileSnippet
  api=4 type=1 insize=3647 outsize=1168 kw=DIRECTIONAL ok=1
Cmd: compileSnippet
  api=4 type=0 insize=751 outsize=3533 kw=SHADOWS_DEPTH ok=1
Cmd: compileSnippet
  api=4 type=1 insize=751 outsize=380 kw=SHADOWS_DEPTH ok=1
Cmd: compileSnippet
  api=4 type=0 insize=982 outsize=4638 kw=DIRECTIONAL SHADOWS_OFF LIGHTMAP_OFF DIRLIGHTMAP_OFF DYNAMICLIGHTMAP_OFF _DETAIL_MULX2 _NORMALMAP ok=1
Cmd: compileSnippet
  api=4 type=1 insize=982 outsize=12787 kw=DIRECTIONAL SHADOWS_OFF LIGHTMAP_OFF DIRLIGHTMAP_OFF DYNAMICLIGHTMAP_OFF _DETAIL_MULX2 _NORMALMAP ok=1
Cmd: compileSnippet
  api=4 type=0 insize=938 outsize=4036 kw=DIRECTIONAL SHADOWS_OFF _DETAIL_MULX2 _NORMALMAP ok=1
Cmd: compileSnippet
  api=4 type=1 insize=938 outsize=7652 kw=DIRECTIONAL SHADOWS_OFF _DETAIL_MULX2 _NORMALMAP ok=1
Cmd: compileSnippet
  api=4 type=0 insize=797 outsize=3776 kw=SHADOWS_DEPTH ok=1
Cmd: compileSnippet
  api=4 type=1 insize=797 outsize=908 kw=SHADOWS_DEPTH ok=1
Cmd: compileSnippet
  api=4 type=0 insize=7308 outsize=4873 kw=DIRECTIONAL SHADOWS_OFF LIGHTMAP_OFF DIRLIGHTMAP_OFF DYNAMICLIGHTMAP_OFF ok=1
Cmd: compileSnippet
  api=4 type=1 insize=7308 outsize=2233 kw=DIRECTIONAL SHADOWS_OFF LIGHTMAP_OFF DIRLIGHTMAP_OFF DYNAMICLIGHTMAP_OFF ok=1
Cmd: compileSnippet
  api=4 type=0 insize=4732 outsize=3955 kw=DIRECTIONAL ok=1
Cmd: compileSnippet
  api=4 type=1 insize=4732 outsize=2135 kw=DIRECTIONAL ok=1
Cmd: compileSnippet
  api=4 type=0 insize=982 outsize=3979 kw=DIRECTIONAL SHADOWS_OFF LIGHTMAP_OFF DIRLIGHTMAP_OFF DYNAMICLIGHTMAP_OFF ok=1
Cmd: compileSnippet
  api=4 type=1 insize=982 outsize=10561 kw=DIRECTIONAL SHADOWS_OFF LIGHTMAP_OFF DIRLIGHTMAP_OFF DYNAMICLIGHTMAP_OFF ok=1
Cmd: compileSnippet
  api=4 type=0 insize=938 outsize=4036 kw=DIRECTIONAL SHADOWS_OFF ok=1
Cmd: compileSnippet
  api=4 type=1 insize=938 outsize=5515 kw=DIRECTIONAL SHADOWS_OFF ok=1
Cmd: compileSnippet
  api=4 type=0 insize=1642 outsize=1290 kw=SOFTPARTICLES_OFF ok=1
Cmd: compileSnippet
  api=4 type=1 insize=1642 outsize=924 kw=SOFTPARTICLES_OFF ok=1
Cmd: compileSnippet
  api=4 type=0 insize=5258 outsize=3866 kw=DIRECTIONAL ok=1
Cmd: compileSnippet
  api=4 type=1 insize=5258 outsize=3069 kw=DIRECTIONAL ok=1
Cmd: compileSnippet
  api=4 type=0 insize=751 outsize=3776 kw=SHADOWS_DEPTH _ALPHAPREMULTIPLY_ON ok=1
Cmd: compileSnippet
  api=4 type=1 insize=751 outsize=1233 kw=SHADOWS_DEPTH _ALPHAPREMULTIPLY_ON ok=1
Cmd: compileSnippet
  api=4 type=0 insize=982 outsize=3979 kw=DIRECTIONAL SHADOWS_OFF LIGHTMAP_OFF DIRLIGHTMAP_OFF DYNAMICLIGHTMAP_OFF _ALPHAPREMULTIPLY_ON ok=1
Cmd: compileSnippet
  api=4 type=1 insize=982 outsize=10650 kw=DIRECTIONAL SHADOWS_OFF LIGHTMAP_OFF DIRLIGHTMAP_OFF DYNAMICLIGHTMAP_OFF _ALPHAPREMULTIPLY_ON ok=1
Cmd: compileSnippet
  api=4 type=0 insize=938 outsize=4036 kw=DIRECTIONAL SHADOWS_OFF _ALPHAPREMULTIPLY_ON ok=1
Cmd: compileSnippet
  api=4 type=1 insize=938 outsize=5669 kw=DIRECTIONAL SHADOWS_OFF _ALPHAPREMULTIPLY_ON ok=1
Cmd: compileSnippet
  api=4 type=0 insize=6862 outsize=3663 kw=DIRECTIONAL SHADOWS_OFF LIGHTMAP_OFF DIRLIGHTMAP_OFF DYNAMICLIGHTMAP_OFF ok=1
Cmd: compileSnippet
  api=4 type=1 insize=6862 outsize=1493 kw=DIRECTIONAL SHADOWS_OFF LIGHTMAP_OFF DIRLIGHTMAP_OFF DYNAMICLIGHTMAP_OFF ok=1
Cmd: compileSnippet
  api=4 type=0 insize=3686 outsize=2753 kw=DIRECTIONAL ok=1
Cmd: compileSnippet
  api=4 type=1 insize=3686 outsize=1347 kw=DIRECTIONAL ok=1
Cmd: compileSnippet
  api=4 type=0 insize=5363 outsize=3866 kw=DIRECTIONAL ok=1
Cmd: compileSnippet
  api=4 type=1 insize=5363 outsize=3297 kw=DIRECTIONAL ok=1
Cmd: compileSnippet
  api=4 type=0 insize=990 outsize=1087 kw= ok=1
Cmd: compileSnippet
  api=4 type=1 insize=990 outsize=713 kw= ok=1
Cmd: compileSnippet
  api=4 type=0 insize=577 outsize=3533 kw=SHADOWS_DEPTH ok=1
Cmd: compileSnippet
  api=4 type=1 insize=577 outsize=453 kw=SHADOWS_DEPTH ok=1
Cmd: compileSnippet
  api=4 type=0 insize=6800 outsize=3663 kw=DIRECTIONAL SHADOWS_OFF LIGHTMAP_OFF DIRLIGHTMAP_OFF DYNAMICLIGHTMAP_OFF ok=1
Cmd: compileSnippet
  api=4 type=1 insize=6800 outsize=1249 kw=DIRECTIONAL SHADOWS_OFF LIGHTMAP_OFF DIRLIGHTMAP_OFF DYNAMICLIGHTMAP_OFF ok=1
Cmd: compileSnippet
  api=4 type=0 insize=7080 outsize=4784 kw=DIRECTIONAL SHADOWS_OFF LIGHTMAP_OFF DIRLIGHTMAP_OFF DYNAMICLIGHTMAP_OFF ok=1
Cmd: compileSnippet
  api=4 type=1 insize=7080 outsize=1989 kw=DIRECTIONAL SHADOWS_OFF LIGHTMAP_OFF DIRLIGHTMAP_OFF DYNAMICLIGHTMAP_OFF ok=1
Cmd: compileSnippet
  api=4 type=0 insize=6644 outsize=4459 kw=DIRECTIONAL ok=1
Cmd: compileSnippet
  api=4 type=1 insize=6644 outsize=4093 kw=DIRECTIONAL ok=1
Cmd: compileSnippet
  api=4 type=0 insize=9591 outsize=10358 kw=UNITY_COLORSPACE_GAMMA ok=1
Cmd: compileSnippet
  api=4 type=1 insize=9591 outsize=2639 kw=UNITY_COLORSPACE_GAMMA ok=1
Cmd: compileSnippet
  api=4 type=0 insize=751 outsize=1639 kw=SHADOWS_CUBE _ALPHAPREMULTIPLY_ON ok=1
Cmd: compileSnippet
  api=4 type=1 insize=751 outsize=1436 kw=SHADOWS_CUBE _ALPHAPREMULTIPLY_ON ok=1
Cmd: compileSnippet
  api=4 type=0 insize=541 outsize=1420 kw=SHADOWS_CUBE ok=1
Cmd: compileSnippet
  api=4 type=1 insize=541 outsize=697 kw=SHADOWS_CUBE ok=1
Cmd: compileSnippet
  api=4 type=0 insize=751 outsize=1420 kw=SHADOWS_CUBE ok=1
Cmd: compileSnippet
  api=4 type=1 insize=751 outsize=624 kw=SHADOWS_CUBE ok=1
Cmd: compileSnippet
  api=4 type=0 insize=797 outsize=1639 kw=SHADOWS_CUBE ok=1
Cmd: compileSnippet
  api=4 type=1 insize=797 outsize=1111 kw=SHADOWS_CUBE ok=1
Cmd: compileSnippet
  api=4 type=0 insize=7257 outsize=6287 kw=DIRECTIONAL SHADOWS_OFF LIGHTMAP_OFF DIRLIGHTMAP_OFF DYNAMICLIGHTMAP_OFF VERTEXLIGHT_ON ok=1
Cmd: compileSnippet
  api=4 type=0 insize=982 outsize=6051 kw=DIRECTIONAL SHADOWS_OFF LIGHTMAP_OFF DIRLIGHTMAP_OFF DYNAMICLIGHTMAP_OFF VERTEXLIGHT_ON _DETAIL_MULX2 _NORMALMAP ok=1
Cmd: compileSnippet
  api=4 type=0 insize=4694 outsize=3955 kw=POINT ok=1
Cmd: compileSnippet
  api=4 type=1 insize=4694 outsize=2736 kw=POINT ok=1
Cmd: compileSnippet
  api=4 type=0 insize=938 outsize=4727 kw=POINT SHADOWS_OFF _DETAIL_MULX2 _NORMALMAP ok=1
Cmd: compileSnippet
  api=4 type=1 insize=938 outsize=8156 kw=POINT SHADOWS_OFF _DETAIL_MULX2 _NORMALMAP ok=1
Cmd: compileSnippet
  api=4 type=0 insize=938 outsize=4873 kw=POINT SHADOWS_CUBE _DETAIL_MULX2 _NORMALMAP ok=1
Cmd: compileSnippet
  api=4 type=1 insize=938 outsize=8838 kw=POINT SHADOWS_CUBE _DETAIL_MULX2 _NORMALMAP ok=1
Cmd: compileSnippet
  api=4 type=0 insize=6731 outsize=5117 kw=DIRECTIONAL LIGHTMAP_OFF DIRLIGHTMAP_OFF DYNAMICLIGHTMAP_OFF VERTEXLIGHT_ON ok=1
Cmd: compileSnippet
  api=4 type=0 insize=3569 outsize=2753 kw=POINT ok=1
Cmd: compileSnippet
  api=4 type=1 insize=3569 outsize=1948 kw=POINT ok=1
Cmd: compileSnippet
  api=4 type=0 insize=982 outsize=5393 kw=DIRECTIONAL SHADOWS_OFF LIGHTMAP_OFF DIRLIGHTMAP_OFF DYNAMICLIGHTMAP_OFF VERTEXLIGHT_ON _ALPHAPREMULTIPLY_ON ok=1
Cmd: compileSnippet
  api=4 type=0 insize=1482 outsize=1290 kw=SOFTPARTICLES_OFF ok=1
Cmd: compileSnippet
  api=4 type=1 insize=1482 outsize=827 kw=SOFTPARTICLES_OFF ok=1
Cmd: compileSnippet
  api=4 type=0 insize=938 outsize=4727 kw=POINT SHADOWS_OFF _ALPHAPREMULTIPLY_ON ok=1
Cmd: compileSnippet
  api=4 type=1 insize=938 outsize=6116 kw=POINT SHADOWS_OFF _ALPHAPREMULTIPLY_ON ok=1
Cmd: compileSnippet
  api=4 type=0 insize=1089 outsize=1314 kw= ok=1
Cmd: compileSnippet
  api=4 type=1 insize=1089 outsize=1006 kw= ok=1
Cmd: compileSnippet
  api=4 type=0 insize=1051 outsize=1266 kw= ok=1
Cmd: compileSnippet
  api=4 type=1 insize=1051 outsize=965 kw= ok=1
Cmd: compileSnippet
  api=4 type=0 insize=6800 outsize=5117 kw=DIRECTIONAL SHADOWS_OFF LIGHTMAP_OFF DIRLIGHTMAP_OFF DYNAMICLIGHTMAP_OFF VERTEXLIGHT_ON ok=1
Cmd: compileSnippet
  api=4 type=0 insize=3647 outsize=2753 kw=POINT ok=1
Cmd: compileSnippet
  api=4 type=1 insize=3647 outsize=1948 kw=POINT ok=1
Cmd: compileSnippet
  api=4 type=0 insize=3647 outsize=2753 kw=SPOT ok=1
Cmd: compileSnippet
  api=4 type=1 insize=3647 outsize=2444 kw=SPOT ok=1
Cmd: compileSnippet
  api=4 type=0 insize=938 outsize=4727 kw=POINT SHADOWS_OFF ok=1
Cmd: compileSnippet
  api=4 type=1 insize=938 outsize=5962 kw=POINT SHADOWS_OFF ok=1
Cmd: compileSnippet
  api=4 type=0 insize=6810 outsize=5117 kw=DIRECTIONAL SHADOWS_OFF LIGHTMAP_OFF DIRLIGHTMAP_OFF DYNAMICLIGHTMAP_OFF VERTEXLIGHT_ON ok=1
Cmd: compileSnippet
  api=4 type=0 insize=6862 outsize=5117 kw=DIRECTIONAL SHADOWS_OFF LIGHTMAP_OFF DIRLIGHTMAP_OFF DYNAMICLIGHTMAP_OFF VERTEXLIGHT_ON ok=1
Cmd: compileSnippet
  api=4 type=0 insize=3686 outsize=2753 kw=POINT ok=1
Cmd: compileSnippet
  api=4 type=1 insize=3686 outsize=2127 kw=POINT ok=1
Cmd: compileSnippet
  api=4 type=0 insize=938 outsize=5141 kw=SPOT SHADOWS_DEPTH SHADOWS_NATIVE _DETAIL_MULX2 _NORMALMAP ok=1
Cmd: compileSnippet
  api=4 type=1 insize=938 outsize=9171 kw=SPOT SHADOWS_DEPTH SHADOWS_NATIVE _DETAIL_MULX2 _NORMALMAP ok=1
Cmd: compileSnippet
  api=4 type=0 insize=4694 outsize=3955 kw=SPOT ok=1
Cmd: compileSnippet
  api=4 type=1 insize=4694 outsize=3232 kw=SPOT ok=1
Cmd: compileSnippet
  api=4 type=0 insize=3686 outsize=2753 kw=SPOT ok=1
Cmd: compileSnippet
  api=4 type=1 insize=3686 outsize=2623 kw=SPOT ok=1
Cmd: compileSnippet
  api=4 type=0 insize=938 outsize=4727 kw=SPOT SHADOWS_OFF _ALPHAPREMULTIPLY_ON ok=1
Cmd: compileSnippet
  api=4 type=1 insize=938 outsize=6612 kw=SPOT SHADOWS_OFF _ALPHAPREMULTIPLY_ON ok=1
Cmd: compileSnippet
  api=4 type=0 insize=938 outsize=4727 kw=SPOT SHADOWS_OFF _DETAIL_MULX2 _NORMALMAP ok=1
Cmd: compileSnippet
  api=4 type=1 insize=938 outsize=8651 kw=SPOT SHADOWS_OFF _DETAIL_MULX2 _NORMALMAP ok=1
